[1/36] cl /c /Zc:__cplusplus /Zp8 /GR /W3 /EHs /nologo /MD /D_CRT_SECURE_NO_DEPRECATE /D_SCL_SECURE_NO_DEPRECATE /D_SECURE_SCL=0   /DMATLAB_MEX_FILE  /DMATLAB_MEX_FILE /O2 /Oy- /DNDEBUG /fp:strict /utf-8 /I "." /I "C:\Users\nicho\OneDrive\Documents\Spring2025\ENSC405\CapstoneGithub\EEG_Signal_Processing" /I ".\interface" /I "C:\Program Files\MATLAB\R2024b\extern\include" /I "." -DMODEL=LSTM_classify_mex /openmp /wd4101  LSTM_classify_data.c /Fobuild\win64\LSTM_classify_data.obj
LSTM_classify_data.c
[2/36] cl /c /Zc:__cplusplus /Zp8 /GR /W3 /EHs /nologo /MD /D_CRT_SECURE_NO_DEPRECATE /D_SCL_SECURE_NO_DEPRECATE /D_SECURE_SCL=0   /DMATLAB_MEX_FILE  /DMATLAB_MEX_FILE /O2 /Oy- /DNDEBUG /fp:strict /utf-8 /I "." /I "C:\Users\nicho\OneDrive\Documents\Spring2025\ENSC405\CapstoneGithub\EEG_Signal_Processing" /I ".\interface" /I "C:\Program Files\MATLAB\R2024b\extern\include" /I "." -DMODEL=LSTM_classify_mex /openmp /wd4101  rt_nonfinite.c /Fobuild\win64\rt_nonfinite.obj
rt_nonfinite.c
[3/36] cl /c /Zc:__cplusplus /Zp8 /GR /W3 /EHs /nologo /MD /D_CRT_SECURE_NO_DEPRECATE /D_SCL_SECURE_NO_DEPRECATE /D_SECURE_SCL=0   /DMATLAB_MEX_FILE  /DMATLAB_MEX_FILE /O2 /Oy- /DNDEBUG /fp:strict /utf-8 /I "." /I "C:\Users\nicho\OneDrive\Documents\Spring2025\ENSC405\CapstoneGithub\EEG_Signal_Processing" /I ".\interface" /I "C:\Program Files\MATLAB\R2024b\extern\include" /I "." -DMODEL=LSTM_classify_mex /openmp /wd4101  sumMatrixIncludeNaN.c /Fobuild\win64\sumMatrixIncludeNaN.obj
sumMatrixIncludeNaN.c
[4/36] cl /c /Zc:__cplusplus /Zp8 /GR /W3 /EHs /nologo /MD /D_CRT_SECURE_NO_DEPRECATE /D_SCL_SECURE_NO_DEPRECATE /D_SECURE_SCL=0   /DMATLAB_MEX_FILE  /DMATLAB_MEX_FILE /O2 /Oy- /DNDEBUG /fp:strict /utf-8 /I "." /I "C:\Users\nicho\OneDrive\Documents\Spring2025\ENSC405\CapstoneGithub\EEG_Signal_Processing" /I ".\interface" /I "C:\Program Files\MATLAB\R2024b\extern\include" /I "." -DMODEL=LSTM_classify_mex /openmp /wd4101  std.c /Fobuild\win64\std.obj
std.c
[5/36] cl /c /Zc:__cplusplus /Zp8 /GR /W3 /EHs /nologo /MD /D_CRT_SECURE_NO_DEPRECATE /D_SCL_SECURE_NO_DEPRECATE /D_SECURE_SCL=0   /DMATLAB_MEX_FILE  /DMATLAB_MEX_FILE /O2 /Oy- /DNDEBUG /fp:strict /utf-8 /I "." /I "C:\Users\nicho\OneDrive\Documents\Spring2025\ENSC405\CapstoneGithub\EEG_Signal_Processing" /I ".\interface" /I "C:\Program Files\MATLAB\R2024b\extern\include" /I "." -DMODEL=LSTM_classify_mex /openmp /wd4101  diff.c /Fobuild\win64\diff.obj
diff.c
[6/36] cl /c /Zc:__cplusplus /Zp8 /GR /W3 /EHs /nologo /MD /D_CRT_SECURE_NO_DEPRECATE /D_SCL_SECURE_NO_DEPRECATE /D_SECURE_SCL=0   /DMATLAB_MEX_FILE  /DMATLAB_MEX_FILE /O2 /Oy- /DNDEBUG /fp:strict /utf-8 /I "." /I "C:\Users\nicho\OneDrive\Documents\Spring2025\ENSC405\CapstoneGithub\EEG_Signal_Processing" /I ".\interface" /I "C:\Program Files\MATLAB\R2024b\extern\include" /I "." -DMODEL=LSTM_classify_mex /openmp /wd4101  indexShapeCheck.c /Fobuild\win64\indexShapeCheck.obj
indexShapeCheck.c
[7/36] cl /c /Zc:__cplusplus /Zp8 /GR /W3 /EHs /nologo /MD /D_CRT_SECURE_NO_DEPRECATE /D_SCL_SECURE_NO_DEPRECATE /D_SECURE_SCL=0   /DMATLAB_MEX_FILE  /DMATLAB_MEX_FILE /O2 /Oy- /DNDEBUG /fp:strict /utf-8 /I "." /I "C:\Users\nicho\OneDrive\Documents\Spring2025\ENSC405\CapstoneGithub\EEG_Signal_Processing" /I ".\interface" /I "C:\Program Files\MATLAB\R2024b\extern\include" /I "." -DMODEL=LSTM_classify_mex /openmp /wd4101  LSTM_classify_terminate.c /Fobuild\win64\LSTM_classify_terminate.obj
LSTM_classify_terminate.c
[8/36] cl /c /Zc:__cplusplus /Zp8 /GR /W3 /EHs /nologo /MD /D_CRT_SECURE_NO_DEPRECATE /D_SCL_SECURE_NO_DEPRECATE /D_SECURE_SCL=0   /DMATLAB_MEX_FILE  /DMATLAB_MEX_FILE /O2 /Oy- /DNDEBUG /fp:strict /utf-8 /I "." /I "C:\Users\nicho\OneDrive\Documents\Spring2025\ENSC405\CapstoneGithub\EEG_Signal_Processing" /I ".\interface" /I "C:\Program Files\MATLAB\R2024b\extern\include" /I "." -DMODEL=LSTM_classify_mex /openmp /wd4101  LSTM_classify_initialize.c /Fobuild\win64\LSTM_classify_initialize.obj
LSTM_classify_initialize.c
[9/36] cl /c /Zc:__cplusplus /Zp8 /GR /W3 /EHs /nologo /MD /D_CRT_SECURE_NO_DEPRECATE /D_SCL_SECURE_NO_DEPRECATE /D_SECURE_SCL=0   /DMATLAB_MEX_FILE  /DMATLAB_MEX_FILE /O2 /Oy- /DNDEBUG /fp:strict /utf-8 /I "." /I "C:\Users\nicho\OneDrive\Documents\Spring2025\ENSC405\CapstoneGithub\EEG_Signal_Processing" /I ".\interface" /I "C:\Program Files\MATLAB\R2024b\extern\include" /I "." -DMODEL=LSTM_classify_mex /openmp /wd4101  computeperiodogram.c /Fobuild\win64\computeperiodogram.obj
computeperiodogram.c
[10/36] cl /c /Zc:__cplusplus /Zp8 /GR /W3 /EHs /nologo /MD /D_CRT_SECURE_NO_DEPRECATE /D_SCL_SECURE_NO_DEPRECATE /D_SECURE_SCL=0   /DMATLAB_MEX_FILE  /DMATLAB_MEX_FILE /O2 /Oy- /DNDEBUG /fp:strict /utf-8 /I "." /I "C:\Users\nicho\OneDrive\Documents\Spring2025\ENSC405\CapstoneGithub\EEG_Signal_Processing" /I ".\interface" /I "C:\Program Files\MATLAB\R2024b\extern\include" /I "." -DMODEL=LSTM_classify_mex /openmp /wd4101  pwelch.c /Fobuild\win64\pwelch.obj
pwelch.c
[11/36] cl /c /Zc:__cplusplus /Zp8 /GR /W3 /EHs /nologo /MD /D_CRT_SECURE_NO_DEPRECATE /D_SCL_SECURE_NO_DEPRECATE /D_SECURE_SCL=0   /DMATLAB_MEX_FILE  /DMATLAB_MEX_FILE /O2 /Oy- /DNDEBUG /fp:strict /utf-8 /I "." /I "C:\Users\nicho\OneDrive\Documents\Spring2025\ENSC405\CapstoneGithub\EEG_Signal_Processing" /I ".\interface" /I "C:\Program Files\MATLAB\R2024b\extern\include" /I "." -DMODEL=LSTM_classify_mex /openmp /wd4101  bandpower.c /Fobuild\win64\bandpower.obj
bandpower.c
[12/36] cl /c /Zc:__cplusplus /Zp8 /GR /W3 /EHs /nologo /MD /D_CRT_SECURE_NO_DEPRECATE /D_SCL_SECURE_NO_DEPRECATE /D_SECURE_SCL=0   /DMATLAB_MEX_FILE  /DMATLAB_MEX_FILE /O2 /Oy- /DNDEBUG /fp:strict /utf-8 /I "." /I "C:\Users\nicho\OneDrive\Documents\Spring2025\ENSC405\CapstoneGithub\EEG_Signal_Processing" /I ".\interface" /I "C:\Program Files\MATLAB\R2024b\extern\include" /I "." -DMODEL=LSTM_classify_mex /openmp /wd4101  predict.c /Fobuild\win64\predict.obj
predict.c
[13/36] cl /c /Zc:__cplusplus /Zp8 /GR /W3 /EHs /nologo /MD /D_CRT_SECURE_NO_DEPRECATE /D_SCL_SECURE_NO_DEPRECATE /D_SECURE_SCL=0   /DMATLAB_MEX_FILE  /DMATLAB_MEX_FILE /O2 /Oy- /DNDEBUG /fp:strict /utf-8 /I "." /I "C:\Users\nicho\OneDrive\Documents\Spring2025\ENSC405\CapstoneGithub\EEG_Signal_Processing" /I ".\interface" /I "C:\Program Files\MATLAB\R2024b\extern\include" /I "." -DMODEL=LSTM_classify_mex /openmp /wd4101  LSTM_classify.c /Fobuild\win64\LSTM_classify.obj
LSTM_classify.c
[14/36] cl /c /Zc:__cplusplus /Zp8 /GR /W3 /EHs /nologo /MD /D_CRT_SECURE_NO_DEPRECATE /D_SCL_SECURE_NO_DEPRECATE /D_SECURE_SCL=0   /DMATLAB_MEX_FILE  /DMATLAB_MEX_FILE /O2 /Oy- /DNDEBUG /fp:strict /utf-8 /I "." /I "C:\Users\nicho\OneDrive\Documents\Spring2025\ENSC405\CapstoneGithub\EEG_Signal_Processing" /I ".\interface" /I "C:\Program Files\MATLAB\R2024b\extern\include" /I "." -DMODEL=LSTM_classify_mex /openmp /wd4101  predictForRNN.c /Fobuild\win64\predictForRNN.obj
predictForRNN.c
[15/36] cl /c /Zc:__cplusplus /Zp8 /GR /W3 /EHs /nologo /MD /D_CRT_SECURE_NO_DEPRECATE /D_SCL_SECURE_NO_DEPRECATE /D_SECURE_SCL=0   /DMATLAB_MEX_FILE  /DMATLAB_MEX_FILE /O2 /Oy- /DNDEBUG /fp:strict /utf-8 /I "." /I "C:\Users\nicho\OneDrive\Documents\Spring2025\ENSC405\CapstoneGithub\EEG_Signal_Processing" /I ".\interface" /I "C:\Program Files\MATLAB\R2024b\extern\include" /I "." -DMODEL=LSTM_classify_mex /openmp /wd4101  unaryElementwise.c /Fobuild\win64\unaryElementwise.obj
unaryElementwise.c
[16/36] cl /c /Zc:__cplusplus /Zp8 /GR /W3 /EHs /nologo /MD /D_CRT_SECURE_NO_DEPRECATE /D_SCL_SECURE_NO_DEPRECATE /D_SECURE_SCL=0   /DMATLAB_MEX_FILE  /DMATLAB_MEX_FILE /O2 /Oy- /DNDEBUG /fp:strict /utf-8 /I "." /I "C:\Users\nicho\OneDrive\Documents\Spring2025\ENSC405\CapstoneGithub\EEG_Signal_Processing" /I ".\interface" /I "C:\Program Files\MATLAB\R2024b\extern\include" /I "." -DMODEL=LSTM_classify_mex /openmp /wd4101  cellstr_unique.c /Fobuild\win64\cellstr_unique.obj
cellstr_unique.c
[17/36] cl /c /Zc:__cplusplus /Zp8 /GR /W3 /EHs /nologo /MD /D_CRT_SECURE_NO_DEPRECATE /D_SCL_SECURE_NO_DEPRECATE /D_SECURE_SCL=0   /DMATLAB_MEX_FILE  /DMATLAB_MEX_FILE /O2 /Oy- /DNDEBUG /fp:strict /utf-8 /I "." /I "C:\Users\nicho\OneDrive\Documents\Spring2025\ENSC405\CapstoneGithub\EEG_Signal_Processing" /I ".\interface" /I "C:\Program Files\MATLAB\R2024b\extern\include" /I "." -DMODEL=LSTM_classify_mex /openmp /wd4101  find.c /Fobuild\win64\find.obj
find.c
[18/36] cl /c /Zc:__cplusplus /Zp8 /GR /W3 /EHs /nologo /MD /D_CRT_SECURE_NO_DEPRECATE /D_SCL_SECURE_NO_DEPRECATE /D_SECURE_SCL=0   /DMATLAB_MEX_FILE  /DMATLAB_MEX_FILE /O2 /Oy- /DNDEBUG /fp:strict /utf-8 /I "." /I "C:\Users\nicho\OneDrive\Documents\Spring2025\ENSC405\CapstoneGithub\EEG_Signal_Processing" /I ".\interface" /I "C:\Program Files\MATLAB\R2024b\extern\include" /I "." -DMODEL=LSTM_classify_mex /openmp /wd4101  categorical.c /Fobuild\win64\categorical.obj
categorical.c
[19/36] cl /c /Zc:__cplusplus /Zp8 /GR /W3 /EHs /nologo /MD /D_CRT_SECURE_NO_DEPRECATE /D_SCL_SECURE_NO_DEPRECATE /D_SECURE_SCL=0   /DMATLAB_MEX_FILE  /DMATLAB_MEX_FILE /O2 /Oy- /DNDEBUG /fp:strict /utf-8 /I "." /I "C:\Users\nicho\OneDrive\Documents\Spring2025\ENSC405\CapstoneGithub\EEG_Signal_Processing" /I ".\interface" /I "C:\Program Files\MATLAB\R2024b\extern\include" /I "." -DMODEL=LSTM_classify_mex /openmp /wd4101  strtrim.c /Fobuild\win64\strtrim.obj
strtrim.c
[20/36] cl /c /Zc:__cplusplus /Zp8 /GR /W3 /EHs /nologo /MD /D_CRT_SECURE_NO_DEPRECATE /D_SCL_SECURE_NO_DEPRECATE /D_SECURE_SCL=0   /DMATLAB_MEX_FILE  /DMATLAB_MEX_FILE /O2 /Oy- /DNDEBUG /fp:strict /utf-8 /I "." /I "C:\Users\nicho\OneDrive\Documents\Spring2025\ENSC405\CapstoneGithub\EEG_Signal_Processing" /I ".\interface" /I "C:\Program Files\MATLAB\R2024b\extern\include" /I "." -DMODEL=LSTM_classify_mex /openmp /wd4101  cellstr_sort.c /Fobuild\win64\cellstr_sort.obj
cellstr_sort.c
[21/36] cl /c /Zc:__cplusplus /Zp8 /GR /W3 /EHs /nologo /MD /D_CRT_SECURE_NO_DEPRECATE /D_SCL_SECURE_NO_DEPRECATE /D_SECURE_SCL=0   /DMATLAB_MEX_FILE  /DMATLAB_MEX_FILE /O2 /Oy- /DNDEBUG /fp:strict /utf-8 /I "." /I "C:\Users\nicho\OneDrive\Documents\Spring2025\ENSC405\CapstoneGithub\EEG_Signal_Processing" /I ".\interface" /I "C:\Program Files\MATLAB\R2024b\extern\include" /I "." -DMODEL=LSTM_classify_mex /openmp /wd4101  postProcessOutputToReturnCategorical.c /Fobuild\win64\postProcessOutputToReturnCategorical.obj
postProcessOutputToReturnCategorical.c
[22/36] cl /c /Zc:__cplusplus /Zp8 /GR /W3 /EHs /nologo /MD /D_CRT_SECURE_NO_DEPRECATE /D_SCL_SECURE_NO_DEPRECATE /D_SECURE_SCL=0   /DMATLAB_MEX_FILE  /DMATLAB_MEX_FILE /O2 /Oy- /DNDEBUG /fp:strict /utf-8 /I "." /I "C:\Users\nicho\OneDrive\Documents\Spring2025\ENSC405\CapstoneGithub\EEG_Signal_Processing" /I ".\interface" /I "C:\Program Files\MATLAB\R2024b\extern\include" /I "." -DMODEL=LSTM_classify_mex /openmp /wd4101  "C:\Program Files\MATLAB\R2024b\extern\version\c_mexapi_version.c" /Fobuild\win64\c_mexapi_version.obj
c_mexapi_version.c
[23/36] cl /c /Zc:__cplusplus /Zp8 /GR /W3 /EHs /nologo /MD /D_CRT_SECURE_NO_DEPRECATE /D_SCL_SECURE_NO_DEPRECATE /D_SECURE_SCL=0   /DMATLAB_MEX_FILE  /DMATLAB_MEX_FILE /O2 /Oy- /DNDEBUG /fp:strict /utf-8 /I "." /I "C:\Users\nicho\OneDrive\Documents\Spring2025\ENSC405\CapstoneGithub\EEG_Signal_Processing" /I ".\interface" /I "C:\Program Files\MATLAB\R2024b\extern\include" /I "." -DMODEL=LSTM_classify_mex /openmp /wd4101  interface\_coder_LSTM_classify_mex.c /Fobuild\win64\_coder_LSTM_classify_mex.obj
_coder_LSTM_classify_mex.c
[24/36] cl /c /Zc:__cplusplus /Zp8 /GR /W3 /EHs /nologo /MD /D_CRT_SECURE_NO_DEPRECATE /D_SCL_SECURE_NO_DEPRECATE /D_SECURE_SCL=0   /DMATLAB_MEX_FILE  /DMATLAB_MEX_FILE /O2 /Oy- /DNDEBUG /fp:strict /utf-8 /I "." /I "C:\Users\nicho\OneDrive\Documents\Spring2025\ENSC405\CapstoneGithub\EEG_Signal_Processing" /I ".\interface" /I "C:\Program Files\MATLAB\R2024b\extern\include" /I "." -DMODEL=LSTM_classify_mex /openmp /wd4101  mtimes.c /Fobuild\win64\mtimes.obj
mtimes.c
[25/36] cl /c /Zc:__cplusplus /Zp8 /GR /W3 /EHs /nologo /MD /D_CRT_SECURE_NO_DEPRECATE /D_SCL_SECURE_NO_DEPRECATE /D_SECURE_SCL=0   /DMATLAB_MEX_FILE  /DMATLAB_MEX_FILE /O2 /Oy- /DNDEBUG /fp:strict /utf-8 /I "." /I "C:\Users\nicho\OneDrive\Documents\Spring2025\ENSC405\CapstoneGithub\EEG_Signal_Processing" /I ".\interface" /I "C:\Program Files\MATLAB\R2024b\extern\include" /I "." -DMODEL=LSTM_classify_mex /openmp /wd4101  SoftmaxLayer.c /Fobuild\win64\SoftmaxLayer.obj
SoftmaxLayer.c
[26/36] cl /c /Zc:__cplusplus /Zp8 /GR /W3 /EHs /nologo /MD /D_CRT_SECURE_NO_DEPRECATE /D_SCL_SECURE_NO_DEPRECATE /D_SECURE_SCL=0   /DMATLAB_MEX_FILE  /DMATLAB_MEX_FILE /O2 /Oy- /DNDEBUG /fp:strict /utf-8 /I "." /I "C:\Users\nicho\OneDrive\Documents\Spring2025\ENSC405\CapstoneGithub\EEG_Signal_Processing" /I ".\interface" /I "C:\Program Files\MATLAB\R2024b\extern\include" /I "." -DMODEL=LSTM_classify_mex /openmp /wd4101  interface\_coder_LSTM_classify_api.c /Fobuild\win64\_coder_LSTM_classify_api.obj
_coder_LSTM_classify_api.c
[27/36] cl /c /Zc:__cplusplus /Zp8 /GR /W3 /EHs /nologo /MD /D_CRT_SECURE_NO_DEPRECATE /D_SCL_SECURE_NO_DEPRECATE /D_SECURE_SCL=0   /DMATLAB_MEX_FILE  /DMATLAB_MEX_FILE /O2 /Oy- /DNDEBUG /fp:strict /utf-8 /I "." /I "C:\Users\nicho\OneDrive\Documents\Spring2025\ENSC405\CapstoneGithub\EEG_Signal_Processing" /I ".\interface" /I "C:\Program Files\MATLAB\R2024b\extern\include" /I "." -DMODEL=LSTM_classify_mex /openmp /wd4101  internal_softmax.c /Fobuild\win64\internal_softmax.obj
internal_softmax.c
[28/36] cl /c /Zc:__cplusplus /Zp8 /GR /W3 /EHs /nologo /MD /D_CRT_SECURE_NO_DEPRECATE /D_SCL_SECURE_NO_DEPRECATE /D_SECURE_SCL=0   /DMATLAB_MEX_FILE  /DMATLAB_MEX_FILE /O2 /Oy- /DNDEBUG /fp:strict /utf-8 /I "." /I "C:\Users\nicho\OneDrive\Documents\Spring2025\ENSC405\CapstoneGithub\EEG_Signal_Processing" /I ".\interface" /I "C:\Program Files\MATLAB\R2024b\extern\include" /I "." -DMODEL=LSTM_classify_mex /openmp /wd4101  getCodes.c /Fobuild\win64\getCodes.obj
getCodes.c
[29/36] cl /c /Zc:__cplusplus /Zp8 /GR /W3 /EHs /nologo /MD /D_CRT_SECURE_NO_DEPRECATE /D_SCL_SECURE_NO_DEPRECATE /D_SECURE_SCL=0   /DMATLAB_MEX_FILE  /DMATLAB_MEX_FILE /O2 /Oy- /DNDEBUG /fp:strict /utf-8 /I "." /I "C:\Users\nicho\OneDrive\Documents\Spring2025\ENSC405\CapstoneGithub\EEG_Signal_Processing" /I ".\interface" /I "C:\Program Files\MATLAB\R2024b\extern\include" /I "." -DMODEL=LSTM_classify_mex /openmp /wd4101  strcmp.c /Fobuild\win64\strcmp.obj
strcmp.c
[30/36] cl /c /Zc:__cplusplus /Zp8 /GR /W3 /EHs /nologo /MD /D_CRT_SECURE_NO_DEPRECATE /D_SCL_SECURE_NO_DEPRECATE /D_SECURE_SCL=0   /DMATLAB_MEX_FILE  /DMATLAB_MEX_FILE /O2 /Oy- /DNDEBUG /fp:strict /utf-8 /I "." /I "C:\Users\nicho\OneDrive\Documents\Spring2025\ENSC405\CapstoneGithub\EEG_Signal_Processing" /I ".\interface" /I "C:\Program Files\MATLAB\R2024b\extern\include" /I "." -DMODEL=LSTM_classify_mex /openmp /wd4101  elementwiseOperationInPlace.c /Fobuild\win64\elementwiseOperationInPlace.obj
elementwiseOperationInPlace.c
[31/36] cl /c /Zc:__cplusplus /Zp8 /GR /W3 /EHs /nologo /MD /D_CRT_SECURE_NO_DEPRECATE /D_SCL_SECURE_NO_DEPRECATE /D_SECURE_SCL=0   /DMATLAB_MEX_FILE  /DMATLAB_MEX_FILE /O2 /Oy- /DNDEBUG /fp:strict /utf-8 /I "." /I "C:\Users\nicho\OneDrive\Documents\Spring2025\ENSC405\CapstoneGithub\EEG_Signal_Processing" /I ".\interface" /I "C:\Program Files\MATLAB\R2024b\extern\include" /I "." -DMODEL=LSTM_classify_mex /openmp /wd4101  LSTM_classify_emxutil.c /Fobuild\win64\LSTM_classify_emxutil.obj
LSTM_classify_emxutil.c
[32/36] cl /c /Zc:__cplusplus /Zp8 /GR /W3 /EHs /nologo /MD /D_CRT_SECURE_NO_DEPRECATE /D_SCL_SECURE_NO_DEPRECATE /D_SECURE_SCL=0   /DMATLAB_MEX_FILE  /DMATLAB_MEX_FILE /O2 /Oy- /DNDEBUG /fp:strict /utf-8 /I "." /I "C:\Users\nicho\OneDrive\Documents\Spring2025\ENSC405\CapstoneGithub\EEG_Signal_Processing" /I ".\interface" /I "C:\Program Files\MATLAB\R2024b\extern\include" /I "." -DMODEL=LSTM_classify_mex /openmp /wd4101  interface\_coder_LSTM_classify_info.c /Fobuild\win64\_coder_LSTM_classify_info.obj
_coder_LSTM_classify_info.c
[33/36] cl /c /Zc:__cplusplus /Zp8 /GR /W3 /EHs /nologo /MD /D_CRT_SECURE_NO_DEPRECATE /D_SCL_SECURE_NO_DEPRECATE /D_SECURE_SCL=0   /DMATLAB_MEX_FILE  /DMATLAB_MEX_FILE /O2 /Oy- /DNDEBUG /fp:strict /utf-8 /I "." /I "C:\Users\nicho\OneDrive\Documents\Spring2025\ENSC405\CapstoneGithub\EEG_Signal_Processing" /I ".\interface" /I "C:\Program Files\MATLAB\R2024b\extern\include" /I "." -DMODEL=LSTM_classify_mex /openmp /wd4101  introsort.c /Fobuild\win64\introsort.obj
introsort.c
[34/36] cl /c /Zc:__cplusplus /Zp8 /GR /W3 /EHs /nologo /MD /D_CRT_SECURE_NO_DEPRECATE /D_SCL_SECURE_NO_DEPRECATE /D_SECURE_SCL=0   /DMATLAB_MEX_FILE  /DMATLAB_MEX_FILE /O2 /Oy- /DNDEBUG /fp:strict /utf-8 /I "." /I "C:\Users\nicho\OneDrive\Documents\Spring2025\ENSC405\CapstoneGithub\EEG_Signal_Processing" /I ".\interface" /I "C:\Program Files\MATLAB\R2024b\extern\include" /I "." -DMODEL=LSTM_classify_mex /openmp /wd4101  insertionsort.c /Fobuild\win64\insertionsort.obj
insertionsort.c
[35/36] cl /c /Zc:__cplusplus /Zp8 /GR /W3 /EHs /nologo /MD /D_CRT_SECURE_NO_DEPRECATE /D_SCL_SECURE_NO_DEPRECATE /D_SECURE_SCL=0   /DMATLAB_MEX_FILE  /DMATLAB_MEX_FILE /O2 /Oy- /DNDEBUG /fp:strict /utf-8 /I "." /I "C:\Users\nicho\OneDrive\Documents\Spring2025\ENSC405\CapstoneGithub\EEG_Signal_Processing" /I ".\interface" /I "C:\Program Files\MATLAB\R2024b\extern\include" /I "." -DMODEL=LSTM_classify_mex /openmp /wd4101  addBiasApplyActivation.c /Fobuild\win64\addBiasApplyActivation.obj
addBiasApplyActivation.c
[36/36] link @LSTM_classify_mex.mexw64.rsp  /nologo    /DLL /LIBPATH:"C:\Program Files\MATLAB\R2024b\extern\lib\win64\microsoft" libmx.lib libmex.lib libmat.lib kernel32.lib user32.lib gdi32.lib winspool.lib comdlg32.lib advapi32.lib shell32.lib ole32.lib oleaut32.lib uuid.lib odbc32.lib odbccp32.lib  /out:"LSTM_classify_mex.mexw64" /LIBPATH:"C:\Program Files\MATLAB\R2024b\extern\lib\win64\microsoft" libmwblas.lib libemlrt.lib libcovrt.lib libut.lib libmwmathutil.lib libiomp5md.lib /nodefaultlib:vcomp /LIBPATH:"C:\Program Files\MATLAB\R2024b\bin\win64" /export:mexFunction /export:mexfilerequiredapiversion /export:emlrtMexFcnProperties /export:LSTM_classify /export:LSTM_classify_initialize /export:LSTM_classify_terminate /export:LSTM_classify_atexit /export:emxEnsureCapacity_real_T /export:emxFree_real_T /export:emxInit_real_T
   Creating library LSTM_classify_mex.lib and object LSTM_classify_mex.exp
